Log file open, 10/05/23 22:17:59
----------------------------Core - Release----------------------------
Analyzing...
Parsing Object
Parsing Subsystem
Parsing Commandlet
Parsing Locale
Parsing ParamStack
Parsing Time
Compiling Object
Compiling Subsystem
Compiling Commandlet
Compiling Locale
Compiling ParamStack
Compiling Time
Importing Defaults for Object
Importing Defaults for Subsystem
Importing Defaults for Commandlet
Importing Defaults for Locale
Importing Defaults for ParamStack
Importing Defaults for Time
---------------------------Engine - Release---------------------------
Analyzing...
Parsing Engine
Parsing GameEngine
Parsing Actor
Parsing DecoVolumeObject
Parsing Keypoint
Parsing DecorationList
Parsing LookTarget
Parsing AIScript
Parsing InterpolationPoint
Parsing AmbientSound
Parsing PolyMarker
Parsing ClipMarker
Parsing Info
Parsing TerrainInfo
Parsing Security
Parsing SceneManager
Parsing FluidSurfaceInfo
Parsing GameInfo
Parsing Mutator
Parsing ReplicationInfo
Parsing TeamInfo
Parsing GameReplicationInfo
Parsing PlayerReplicationInfo
Parsing PotentialClimbWatcher
Parsing InternetInfo
Parsing SavedMove
Parsing ZoneInfo
Parsing WarpZoneInfo
Parsing SkyZoneInfo
Parsing LevelInfo
*** Error spawning xDxTex.exe errno: 2
*** Error spawning xDxTex.exe errno: 2
Parsing GameStats
Parsing FileLog
Parsing AccessControl
Parsing BroadcastHandler
Parsing LocalMessage
Parsing FailedConnect
Parsing GameMessage
Parsing GameRules
Parsing L2FogInfo
Parsing MapList
Parsing ScoreBoard
Parsing VoicePack
Parsing VolumeTimer
Parsing StaticMeshActor
Parsing L2MovableStaticMeshActor
Parsing MatDemoActor
Parsing Projector
*** Error spawning xDxTex.exe errno: 2
*** Error spawning xDxTex.exe errno: 2
Parsing DynamicProjector
Parsing MarkProjector
Parsing ShadowProjector
Parsing Pawn
Parsing Vehicle
Parsing Scout
Parsing KVehicle
Parsing NAgathion
Parsing Emitter
Parsing L2Indicator
Parsing NCubics
Parsing NProjectile
Parsing NSkillProjectile
Parsing Mover
Parsing PrecacheHack
Parsing FluidSurfaceOscillator
Parsing Triggers
Parsing AvoidMarker
Parsing LineOfSightTrigger
Parsing Trigger
Parsing ZoneTrigger
Parsing MaterialTrigger
Parsing MusicTrigger
Parsing UseTrigger
Parsing NavigationPoint
Parsing JumpDest
Parsing JumpPad
Parsing Door
Parsing AutoDoor
Parsing SmallNavigationPoint
Parsing Ladder
Parsing AutoLadder
Parsing WarpZoneMarker
Parsing AIMarker
Parsing InventorySpot
Parsing PlayerStart
Parsing Teleporter
Parsing LiftExit
Parsing LiftCenter
Parsing PathNode
Parsing AntiPortalActor
Parsing InventoryAttachment
Parsing WeaponAttachment
Parsing Brush
Parsing Volume
Parsing BlockingVolume
Parsing PhysicsVolume
Parsing LadderVolume
Parsing DefaultPhysicsVolume
Parsing DamageType
Parsing Crushed
Parsing DamTypeTelefragged
Parsing fell
Parsing FellLava
Parsing Gibbed
Parsing Suicided
Parsing VehiclePart
Parsing Controller
Parsing PlayerController
Parsing Camera
Parsing MessagingSpectator
Parsing DemoRecSpectator
Parsing AIController
Parsing Inventory
Parsing Ammunition
Parsing Powerups
Parsing Armor
Parsing Weapon
*** Error spawning xDxTex.exe errno: 2
Parsing Pickup
Parsing Ammo
Parsing ArmorPickup
Parsing WeaponPickup
Parsing HUD
Parsing Projectile
Parsing Decoration
Parsing Vignette
Parsing Note
Parsing WeaponFire
Parsing Light
Parsing KActor
Parsing KTire
Parsing KConstraint
Parsing KCarWheelJoint
Parsing KConeLimit
Parsing KHinge
Parsing KBSJoint
Parsing xWeatherEffect
*** Error spawning xDxTex.exe errno: 2
Parsing xProcMesh
Parsing xPickUpBase
Parsing xEmitter
*** Error spawning xDxTex.exe errno: 2
Parsing CarriedObject
Parsing Decal
Parsing Effects
Parsing Fragment
Parsing KVehicleFactory
Parsing L2Alarm
Parsing L2CenterdDiamond
Parsing L2Dice
Parsing L2Float
Parsing L2NMover
Parsing NLine
Parsing NMoon
Parsing ViewportWindowController
Parsing xMaterialController
Parsing xMaterialTrigger
Parsing ParticleEmitter
Parsing VertMeshEmitter
Parsing TrailEmitter
Parsing SpriteEmitter
Parsing SparkEmitter
Parsing MeshEmitter
Parsing BeamEmitter
Parsing Material
Parsing RenderedMaterial
Parsing BitmapMaterial
Parsing Texture
Parsing Cubemap
Parsing RealtimeGenerationTexture
Parsing ColorMask
Parsing ColorWheel
Parsing MaskTexture
Parsing ShadowBitmapMaterial
*** Error spawning xDxTex.exe errno: 2
Parsing ScriptedTexture
Parsing TerrainMaterial
Parsing ProjectorMaterial
Parsing ParticleMaterial
Parsing VertexColor
Parsing ConstantMaterial
Parsing FadeColor
Parsing ConstantColor
Parsing Shader
Parsing Modifier
Parsing OpacityModifier
Parsing MaterialSequence
Parsing MaterialSwitch
Parsing FinalBlend
Parsing TexModifier
Parsing TexCoordSource
Parsing TexMatrix
Parsing TexEnvMap
Parsing TexOscillator
Parsing TexOscillatorTriggered
Parsing TexRotator
Parsing TexScaler
Parsing TexPanner
Parsing TexPannerTriggered
Parsing ColorModifier
Parsing GlowModifier
Parsing L2ColorModifier
Parsing Combiner
Parsing UserDefinableMaterial
Parsing Palette
Parsing AnimNotify
Parsing AnimNotify_MatSubAction
Parsing AnimNotify_Scripted
Parsing AnimNotify_Trigger
Parsing AnimNotify_Script
Parsing AnimNotify_Sound
Parsing AnimNotify_DestroyEffect
Parsing AnimNotify_Effect
Parsing MatObject
Parsing MatSubAction
Parsing SubActionSceneSpeed
Parsing SubActionGameSpeed
Parsing SubActionOrientation
Parsing SubActionCameraShake
Parsing SubActionFOV
Parsing SubActionTrigger
Parsing SubActionFade
Parsing SubActionCameraEffect
Parsing MatAction
Parsing ActionPause
Parsing ActionMoveCamera
Parsing MeshObject
Parsing Player
Parsing PlayInfo
Parsing Interactions
Parsing InteractionMaster
Parsing Interaction
Parsing BaseGUIController
*** Error spawning xDxTex.exe errno: 2
*** Error spawning xDxTex.exe errno: 2
*** Error spawning xDxTex.exe errno: 2
Parsing Console
Parsing AdminBase
Parsing Admin
Parsing PlayerInput
Parsing XBoxPlayerInput
Parsing CheatManager
Parsing Canvas
*** Error spawning xDxTex.exe errno: 2
*** Error spawning xDxTex.exe errno: 2
*** Error spawning xDxTex.exe errno: 2
Parsing CameraEffect
Parsing CameraOverlay
Parsing MotionBlur
Parsing I3DL2Listener
Parsing Sound
Parsing SoundGroup
Parsing ProceduralSound
Parsing GameProfile
Parsing Manifest
Parsing LogEntry
Parsing LevelSummary
Parsing ReachSpec
Parsing Spline
Parsing KarmaParamsCollision
Parsing KarmaParams
Parsing KarmaParamsSkel
Parsing KarmaParamsRBFull
Parsing Bitmap
Parsing ExtraMeshData
Parsing L2EffectEmitter
Parsing L2SkillEffect
Parsing LadderInfo
Parsing MatchInfo
Parsing MeshComponent
Parsing MeshContainer
Parsing ObjectPool
Parsing PawnSheathingMgr
Parsing Resource
Parsing SimulationCollision
Parsing XAdminBase
Parsing xAdminConfigBase
Parsing xAdminGroup
Parsing xAdminGroupList
Parsing xAdminUser
Parsing xAdminUserList
Parsing xPrivilegeBase
Compiling Engine
Compiling GameEngine
Compiling Actor
Compiling DecoVolumeObject
Compiling Keypoint
Compiling DecorationList
Compiling LookTarget
Compiling AIScript
Compiling InterpolationPoint
Compiling AmbientSound
Compiling PolyMarker
Compiling ClipMarker
Compiling Info
Compiling TerrainInfo
Compiling Security
Compiling SceneManager
Compiling FluidSurfaceInfo
Compiling Mutator
Compiling ReplicationInfo
Compiling TeamInfo
Compiling GameReplicationInfo
Compiling PlayerReplicationInfo
Compiling PotentialClimbWatcher
Compiling InternetInfo
Compiling SavedMove
Compiling ZoneInfo
Compiling WarpZoneInfo
Compiling SkyZoneInfo
Compiling LevelInfo
Compiling GameInfo
C:\Users\Shane\Desktop\Deadz_Source\Engine\Classes\GameInfo.uc(232) : Error, 'debug': Bad command or expression
Compile aborted due to errors.
Failure - 1 error(s), 0 warning(s)
Log file closed, 10/05/23 22:18:00
